[debug] [2023-04-08T18:49:16.232Z] ----------------------------------------------------------------------
[debug] [2023-04-08T18:49:16.233Z] Command:       /Users/matthewmoore/.nvm/versions/node/v16.13.0/bin/node /Users/matthewmoore/.nvm/versions/node/v16.13.0/bin/firebase init
[debug] [2023-04-08T18:49:16.234Z] CLI Version:   11.21.0
[debug] [2023-04-08T18:49:16.234Z] Platform:      darwin
[debug] [2023-04-08T18:49:16.234Z] Node Version:  v16.13.0
[debug] [2023-04-08T18:49:16.235Z] Time:          Sat Apr 08 2023 14:49:16 GMT-0400 (Eastern Daylight Time)
[debug] [2023-04-08T18:49:16.236Z] ----------------------------------------------------------------------
[debug] 
[debug] [2023-04-08T18:49:16.243Z] >>> [apiv2][query] GET https://firebase-public.firebaseio.com/cli.json [none]
[debug] [2023-04-08T18:49:16.266Z] > command requires scopes: ["email","openid","https://www.googleapis.com/auth/cloudplatformprojects.readonly","https://www.googleapis.com/auth/firebase","https://www.googleapis.com/auth/cloud-platform"]
[debug] [2023-04-08T18:49:16.267Z] > authorizing via signed-in user (mmmoore13@gmail.com)
[info] 
     ######## #### ########  ######## ########     ###     ######  ########
     ##        ##  ##     ## ##       ##     ##  ##   ##  ##       ##
     ######    ##  ########  ######   ########  #########  ######  ######
     ##        ##  ##    ##  ##       ##     ## ##     ##       ## ##
     ##       #### ##     ## ######## ########  ##     ##  ######  ########

You're about to initialize a Firebase project in this directory:

  /Users/matthewmoore/Documents/Work/personalsite/Profolio/1Tutorials/Followed/Fireship/my-cool-app

[debug] [2023-04-08T18:49:16.455Z] <<< [apiv2][status] GET https://firebase-public.firebaseio.com/cli.json 200
[debug] [2023-04-08T18:49:16.457Z] <<< [apiv2][body] GET https://firebase-public.firebaseio.com/cli.json {"cloudBuildErrorAfter":1594252800000,"cloudBuildWarnAfter":1590019200000,"defaultNode10After":1594252800000,"minVersion":"3.0.5","node8DeploysDisabledAfter":1613390400000,"node8RuntimeDisabledAfter":1615809600000,"node8WarnAfter":1600128000000}
[info] 
=== Project Setup
[info] 
[info] First, let's associate this project directory with a Firebase project.
[info] You can create multiple project aliases by running firebase use --add, 
[info] but for now we'll just set up a default project.
[info] 
[debug] [2023-04-08T18:51:00.157Z] > refreshing access token with scopes: []
[debug] [2023-04-08T18:51:00.160Z] >>> [apiv2][query] POST https://www.googleapis.com/oauth2/v3/token [none]
[debug] [2023-04-08T18:51:00.161Z] >>> [apiv2][body] POST https://www.googleapis.com/oauth2/v3/token [omitted]
[debug] [2023-04-08T18:51:00.363Z] <<< [apiv2][status] POST https://www.googleapis.com/oauth2/v3/token 200
[debug] [2023-04-08T18:51:00.364Z] <<< [apiv2][body] POST https://www.googleapis.com/oauth2/v3/token [omitted]
[debug] [2023-04-08T18:51:00.386Z] >>> [apiv2][query] GET https://firebase.googleapis.com/v1beta1/projects pageSize=100
[debug] [2023-04-08T18:51:00.868Z] <<< [apiv2][status] GET https://firebase.googleapis.com/v1beta1/projects 200
[debug] [2023-04-08T18:51:00.869Z] <<< [apiv2][body] GET https://firebase.googleapis.com/v1beta1/projects [omitted]
[info] i  Using project my-cool-app-25928 (my-cool-app) 
[info] 
=== Hosting Setup
[info] 
[info] Your public directory is the folder (relative to your project directory) that
[info] will contain Hosting assets to be uploaded with firebase deploy. If you
[info] have a build process for your assets, use your build's output directory.
[info] 
[debug] [2023-04-08T18:51:33.836Z] >>> [apiv2][query] GET https://www.gstatic.com/firebasejs/releases.json [none]
[debug] [2023-04-08T18:51:34.039Z] <<< [apiv2][status] GET https://www.gstatic.com/firebasejs/releases.json 200
[debug] [2023-04-08T18:51:34.040Z] <<< [apiv2][body] GET https://www.gstatic.com/firebasejs/releases.json {"current":{"version":"9.19.1","browserURL":"https://www.gstatic.com/firebasejs/9.19.1/firebase.js","packageURL":"https://www.gstatic.com/firebasejs/9.19.1/firebase.tgz"},"live":{"version":"9.19","browserURL":"https://www.gstatic.com/firebasejs/live/9.19/firebase.js","packageURL":"https://www.gstatic.com/firebasejs/live/9.19/firebase.tgz"},"components":{"analytics":"https://www.gstatic.com/firebasejs/9.19.1/firebase-analytics.js","app":"https://www.gstatic.com/firebasejs/9.19.1/firebase-app.js","app-check":"https://www.gstatic.com/firebasejs/9.19.1/firebase-app-check.js","auth":"https://www.gstatic.com/firebasejs/9.19.1/firebase-auth.js","auth/cordova":"https://www.gstatic.com/firebasejs/9.19.1/firebase-auth/cordova.js","auth/react-native":"https://www.gstatic.com/firebasejs/9.19.1/firebase-auth/react-native.js","functions":"https://www.gstatic.com/firebasejs/9.19.1/firebase-functions.js","firestore":"https://www.gstatic.com/firebasejs/9.19.1/firebase-firestore.js","firestore/lite":"https://www.gstatic.com/firebasejs/9.19.1/firebase-firestore/lite.js","installations":"https://www.gstatic.com/firebasejs/9.19.1/firebase-installations.js","storage":"https://www.gstatic.com/firebasejs/9.19.1/firebase-storage.js","performance":"https://www.gstatic.com/firebasejs/9.19.1/firebase-performance.js","remote-config":"https://www.gstatic.com/firebasejs/9.19.1/firebase-remote-config.js","messaging":"https://www.gstatic.com/firebasejs/9.19.1/firebase-messaging.js","messaging/sw":"https://www.gstatic.com/firebasejs/9.19.1/firebase-messaging/sw.js","database":"https://www.gstatic.com/firebasejs/9.19.1/firebase-database.js","firestore.memory":"https://www.gstatic.com/firebasejs/9.19.1/firebase-firestore.memory.js"}}
[info] i  Skipping write of public/index.html 
[info] 
[info] i  Didn't detect a .git folder. Assuming /Users/matthewmoore/Documents/Work/personalsite/Profolio/1Tutorials/Followed/Fireship/my-cool-app is the project root. 
[info] i  Authorizing with GitHub to upload your service account to a GitHub repository's secrets store. 
[info] 
[info] Visit this URL on this device to log in:
[info] https://github.com/login/oauth/authorize?client_id=89cf50f02ac6aaed3484&state=470733378&redirect_uri=http%3A%2F%2Flocalhost%3A9005&scope=read%3Auser%20repo%20public_repo
[info] 
[info] Waiting for authentication...
[debug] [2023-04-08T18:52:14.408Z] >>> [apiv2][query] POST https://github.com/login/oauth/access_token [none]
[debug] [2023-04-08T18:52:14.409Z] >>> [apiv2][body] POST https://github.com/login/oauth/access_token [stream]
[debug] [2023-04-08T18:52:14.675Z] <<< [apiv2][status] POST https://github.com/login/oauth/access_token 200
[debug] [2023-04-08T18:52:14.678Z] <<< [apiv2][body] POST https://github.com/login/oauth/access_token {"access_token":"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","token_type":"bearer","scope":"read:user,repo"}
[debug] [2023-04-08T18:52:14.704Z] >>> [apiv2][query] GET https://api.github.com/user [none]
[debug] [2023-04-08T18:52:14.967Z] <<< [apiv2][status] GET https://api.github.com/user 200
[debug] [2023-04-08T18:52:14.968Z] <<< [apiv2][body] GET https://api.github.com/user {"login":"mmmoore1313","id":4008762,"node_id":"MDQ6VXNlcjQwMDg3NjI=","avatar_url":"https://avatars.githubusercontent.com/u/4008762?v=4","gravatar_id":"","url":"https://api.github.com/users/mmmoore1313","html_url":"https://github.com/mmmoore1313","followers_url":"https://api.github.com/users/mmmoore1313/followers","following_url":"https://api.github.com/users/mmmoore1313/following{/other_user}","gists_url":"https://api.github.com/users/mmmoore1313/gists{/gist_id}","starred_url":"https://api.github.com/users/mmmoore1313/starred{/owner}{/repo}","subscriptions_url":"https://api.github.com/users/mmmoore1313/subscriptions","organizations_url":"https://api.github.com/users/mmmoore1313/orgs","repos_url":"https://api.github.com/users/mmmoore1313/repos","events_url":"https://api.github.com/users/mmmoore1313/events{/privacy}","received_events_url":"https://api.github.com/users/mmmoore1313/received_events","type":"User","site_admin":false,"name":"Matt Moore","company":null,"blog":"https://mattm.page/","location":"North Carolina","email":"Matt.M.Moore13@outlook.com","hireable":true,"bio":"General Assembly - Software Engineering Immersive Graduate. Looking for Software Development opportunities\r\nhttps://www.linkedin.com/in/matt-m-moore-130013/","twitter_username":"Matt_MMoore","public_repos":75,"public_gists":0,"followers":20,"following":37,"created_at":"2013-03-29T20:53:12Z","updated_at":"2023-01-26T14:24:59Z","private_gists":0,"total_private_repos":23,"owned_private_repos":23,"disk_usage":128301,"collaborators":8,"two_factor_authentication":true,"plan":{"name":"free","space":976562499,"collaborators":0,"private_repos":10000}}
[info] 
[info] ✔  Success! Logged into GitHub as mmmoore1313 
[info] 
[debug] [2023-04-08T18:52:25.657Z] >>> [apiv2][query] GET https://api.github.com/repos//actions/secrets/public-key type=owner
[debug] [2023-04-08T18:52:25.801Z] <<< [apiv2][status] GET https://api.github.com/repos//actions/secrets/public-key 404
[debug] [2023-04-08T18:52:25.801Z] <<< [apiv2][body] GET https://api.github.com/repos//actions/secrets/public-key {"message":"Not Found","documentation_url":"https://docs.github.com/rest"}
[debug] [2023-04-08T18:52:46.537Z] >>> [apiv2][query] GET https://api.github.com/repos/none/actions/secrets/public-key type=owner
[debug] [2023-04-08T18:52:46.702Z] <<< [apiv2][status] GET https://api.github.com/repos/none/actions/secrets/public-key 404
[debug] [2023-04-08T18:52:46.703Z] <<< [apiv2][body] GET https://api.github.com/repos/none/actions/secrets/public-key {"message":"Not Found","documentation_url":"https://docs.github.com/rest"}
